2018-08-02 10:11:13 AM, Info: Initializing SIMPLSharp Services...
2018-08-02 10:11:13 AM, Info: ProjectInfo successfully initialized.
2018-08-02 10:15:27 AM, Info: Validating assembly C:\Users\matklucznyk\OneDrive - RAVE AUDIO VISUAL\Modules\RAVE Modules\SIMPLSharp Projects\AxisCameraControl(SIMPL)\AxisCameraControl(SIMPL)\bin\Debug\AxisCameraControl(SIMPL).dll...
2018-08-02 10:15:28 AM, Info: Verifying assembly C:\Users\matklucznyk\OneDrive - RAVE AUDIO VISUAL\Modules\RAVE Modules\SIMPLSharp Projects\AxisCameraControl(SIMPL)\AxisCameraControl(SIMPL)\bin\Debug\AxisCameraControl(SIMPL).dll
2018-08-02 10:15:28 AM, Info: Creating Archive C:\Users\matklucznyk\OneDrive - RAVE AUDIO VISUAL\Modules\RAVE Modules\SIMPLSharp Projects\AxisCameraControl(SIMPL)\AxisCameraControl(SIMPL)\bin\Debug\AxisCameraControl(SIMPL).clz...
2018-08-02 10:15:28 AM, Info: Saving project information...
2018-08-02 10:44:46 AM, Info: Validating assembly C:\Users\matklucznyk\OneDrive - RAVE AUDIO VISUAL\Modules\RAVE Modules\SIMPLSharp Projects\AxisCameraControl(SIMPL)\AxisCameraControl(SIMPL)\bin\Debug\AxisCameraControl(SIMPL).dll...
2018-08-02 10:44:46 AM, Info: Verifying assembly C:\Users\matklucznyk\OneDrive - RAVE AUDIO VISUAL\Modules\RAVE Modules\SIMPLSharp Projects\AxisCameraControl(SIMPL)\AxisCameraControl(SIMPL)\bin\Debug\AxisCameraControl(SIMPL).dll
2018-08-02 10:44:46 AM, Info: Creating Archive C:\Users\matklucznyk\OneDrive - RAVE AUDIO VISUAL\Modules\RAVE Modules\SIMPLSharp Projects\AxisCameraControl(SIMPL)\AxisCameraControl(SIMPL)\bin\Debug\AxisCameraControl(SIMPL).clz...
2018-08-02 10:44:47 AM, Info: Saving project information...
2018-08-02 10:45:13 AM, Info: Validating assembly C:\Users\matklucznyk\OneDrive - RAVE AUDIO VISUAL\Modules\RAVE Modules\SIMPLSharp Projects\AxisCameraControl(SIMPL)\AxisCameraControl(SIMPL)\bin\Debug\AxisCameraControl(SIMPL).dll...
2018-08-02 10:45:13 AM, Info: Verifying assembly C:\Users\matklucznyk\OneDrive - RAVE AUDIO VISUAL\Modules\RAVE Modules\SIMPLSharp Projects\AxisCameraControl(SIMPL)\AxisCameraControl(SIMPL)\bin\Debug\AxisCameraControl(SIMPL).dll
2018-08-02 10:45:13 AM, Info: Creating Archive C:\Users\matklucznyk\OneDrive - RAVE AUDIO VISUAL\Modules\RAVE Modules\SIMPLSharp Projects\AxisCameraControl(SIMPL)\AxisCameraControl(SIMPL)\bin\Debug\AxisCameraControl(SIMPL).clz...
2018-08-02 10:45:13 AM, Info: Saving project information...
2018-08-02 11:02:43 AM, Info: Validating assembly C:\Users\matklucznyk\OneDrive - RAVE AUDIO VISUAL\Modules\RAVE Modules\SIMPLSharp Projects\SSharpCrestronExtensionsLibrary.dll...
2018-08-02 11:02:43 AM, Info: Validating assembly C:\Users\matklucznyk\OneDrive - RAVE AUDIO VISUAL\Modules\RAVE Modules\SIMPLSharp Projects\SSharpReflectionExtensionsLibrary.dll...
2018-08-02 11:02:44 AM, Info: Validating assembly C:\Users\matklucznyk\OneDrive - RAVE AUDIO VISUAL\Modules\RAVE Modules\SIMPLSharp Projects\SSharpThreadingLibrary.dll...
2018-08-02 11:02:44 AM, Info: Validating assembly C:\Users\matklucznyk\OneDrive - RAVE AUDIO VISUAL\Modules\RAVE Modules\SIMPLSharp Projects\SSMonoCryptographyExtensions.dll...
2018-08-02 11:02:44 AM, Info: Validating assembly C:\Users\matklucznyk\OneDrive - RAVE AUDIO VISUAL\Modules\RAVE Modules\SIMPLSharp Projects\SSMonoCryptographyLibrary.dll...
2018-08-02 11:02:44 AM, Info: Validating assembly C:\Users\matklucznyk\OneDrive - RAVE AUDIO VISUAL\Modules\RAVE Modules\SIMPLSharp Projects\SSMonoNetLibrary.dll...
2018-08-02 11:02:45 AM, Info: Validating assembly C:\Users\matklucznyk\OneDrive - RAVE AUDIO VISUAL\Modules\RAVE Modules\SIMPLSharp Projects\SSMonoNetWebLibrary.dll...
2018-08-02 11:02:45 AM, Info: Validating assembly C:\Users\matklucznyk\OneDrive - RAVE AUDIO VISUAL\Modules\RAVE Modules\SIMPLSharp Projects\SSMonoSslStreamLibrary.dll...
2018-08-02 11:02:45 AM, Info: Validating assembly C:\Users\matklucznyk\OneDrive - RAVE AUDIO VISUAL\Modules\RAVE Modules\SIMPLSharp Projects\SSMonoSupportLibrary.dll...
2018-08-02 11:02:46 AM, Info: Validating assembly C:\Users\matklucznyk\OneDrive - RAVE AUDIO VISUAL\Modules\RAVE Modules\SIMPLSharp Projects\SSMonoThreadPoolLibrary.dll...
2018-08-02 11:02:46 AM, Info: Validating assembly C:\Users\matklucznyk\OneDrive - RAVE AUDIO VISUAL\Modules\RAVE Modules\SIMPLSharp Projects\SSMonoTupleLibrary.dll...
2018-08-02 11:02:46 AM, Info: Validating assembly C:\Users\matklucznyk\OneDrive - RAVE AUDIO VISUAL\Modules\RAVE Modules\SIMPLSharp Projects\SSMonoX509CertificatesLibrary.dll...
2018-08-02 11:05:31 AM, Info: Saving project information...
2018-08-02 11:05:31 AM, Info: Saving project information...
2018-08-02 11:05:31 AM, Info: Saving project information...
2018-08-02 11:10:31 AM, Info: Saving project information...
2018-08-02 11:10:31 AM, Info: Saving project information...
2018-08-02 11:10:31 AM, Info: Saving project information...
2018-08-02 11:15:31 AM, Info: Saving project information...
2018-08-02 11:15:31 AM, Info: Saving project information...
2018-08-02 11:15:31 AM, Info: Saving project information...
2018-08-02 11:20:31 AM, Info: Saving project information...
2018-08-02 11:20:31 AM, Info: Saving project information...
2018-08-02 11:20:31 AM, Info: Saving project information...
2018-08-02 11:25:19 AM, Info: Saving project information...
2018-08-02 11:25:19 AM, Info: Saving project information...
2018-08-02 11:25:19 AM, Info: Saving project information...
2018-08-02 11:25:19 AM, Info: Saving project information...
2018-08-02 11:25:19 AM, Info: Saving project information...
2018-08-02 11:25:19 AM, Info: Saving project information...
2018-08-02 11:25:20 AM, Info: Validating assembly C:\Users\matklucznyk\OneDrive - RAVE AUDIO VISUAL\Modules\RAVE Modules\SIMPLSharp Projects\AxisCameraControl(SIMPL)\AxisCameraControl(SIMPL)\bin\Debug\AxisCameraControl(SIMPL).dll...
2018-08-02 11:25:20 AM, Info: Verifying assembly C:\Users\matklucznyk\OneDrive - RAVE AUDIO VISUAL\Modules\RAVE Modules\SIMPLSharp Projects\AxisCameraControl(SIMPL)\AxisCameraControl(SIMPL)\bin\Debug\AxisCameraControl(SIMPL).dll
2018-08-02 11:25:20 AM, Info: Creating Archive C:\Users\matklucznyk\OneDrive - RAVE AUDIO VISUAL\Modules\RAVE Modules\SIMPLSharp Projects\AxisCameraControl(SIMPL)\AxisCameraControl(SIMPL)\bin\Debug\AxisCameraControl(SIMPL).clz...
2018-08-02 11:25:21 AM, Info: Saving project information...
2018-08-02 11:35:16 AM, Info: Validating assembly C:\Users\matklucznyk\OneDrive - RAVE AUDIO VISUAL\Modules\RAVE Modules\SIMPLSharp Projects\AxisCameraControl(SIMPL)\AxisCameraControl(SIMPL)\bin\Debug\AxisCameraControl(SIMPL).dll...
2018-08-02 11:35:16 AM, Info: Verifying assembly C:\Users\matklucznyk\OneDrive - RAVE AUDIO VISUAL\Modules\RAVE Modules\SIMPLSharp Projects\AxisCameraControl(SIMPL)\AxisCameraControl(SIMPL)\bin\Debug\AxisCameraControl(SIMPL).dll
2018-08-02 11:35:16 AM, Info: Creating Archive C:\Users\matklucznyk\OneDrive - RAVE AUDIO VISUAL\Modules\RAVE Modules\SIMPLSharp Projects\AxisCameraControl(SIMPL)\AxisCameraControl(SIMPL)\bin\Debug\AxisCameraControl(SIMPL).clz...
2018-08-02 11:35:17 AM, Info: Saving project information...
2018-08-02 12:00:16 PM, Info: Validating assembly C:\Users\matklucznyk\OneDrive - RAVE AUDIO VISUAL\Modules\RAVE Modules\SIMPLSharp Projects\AxisCameraControl(SIMPL)\AxisCameraControl(SIMPL)\bin\Debug\AxisCameraControl(SIMPL).dll...
2018-08-02 12:00:16 PM, Info: Verifying assembly C:\Users\matklucznyk\OneDrive - RAVE AUDIO VISUAL\Modules\RAVE Modules\SIMPLSharp Projects\AxisCameraControl(SIMPL)\AxisCameraControl(SIMPL)\bin\Debug\AxisCameraControl(SIMPL).dll
2018-08-02 12:00:16 PM, Info: Creating Archive C:\Users\matklucznyk\OneDrive - RAVE AUDIO VISUAL\Modules\RAVE Modules\SIMPLSharp Projects\AxisCameraControl(SIMPL)\AxisCameraControl(SIMPL)\bin\Debug\AxisCameraControl(SIMPL).clz...
2018-08-02 12:00:17 PM, Info: Saving project information...
2018-08-02 12:05:20 PM, Info: Validating assembly C:\Users\matklucznyk\OneDrive - RAVE AUDIO VISUAL\Modules\RAVE Modules\SIMPLSharp Projects\AxisCameraControl(SIMPL)\AxisCameraControl(SIMPL)\bin\Debug\AxisCameraControl(SIMPL).dll...
2018-08-02 12:05:20 PM, Info: Verifying assembly C:\Users\matklucznyk\OneDrive - RAVE AUDIO VISUAL\Modules\RAVE Modules\SIMPLSharp Projects\AxisCameraControl(SIMPL)\AxisCameraControl(SIMPL)\bin\Debug\AxisCameraControl(SIMPL).dll
2018-08-02 12:05:20 PM, Info: Creating Archive C:\Users\matklucznyk\OneDrive - RAVE AUDIO VISUAL\Modules\RAVE Modules\SIMPLSharp Projects\AxisCameraControl(SIMPL)\AxisCameraControl(SIMPL)\bin\Debug\AxisCameraControl(SIMPL).clz...
2018-08-02 12:05:21 PM, Info: Saving project information...
2018-08-02 12:11:19 PM, Info: Terminating SIMPLSharp Services
